\BOOKMARK [1][-]{section.1}{\376\377\145\160\143\156\176\323\147\204}{}% 1
\BOOKMARK [2][-]{subsection.1.1}{\376\377\0000\0000\0002\000-\176\277\140\047\210\150\166\204\220\073\217\221\162\171\140\047}{section.1}% 2
\BOOKMARK [2][-]{subsection.1.2}{\376\377\0000\0000\0003\000-\176\277\140\047\210\150\166\204\133\130\120\250\176\323\147\204}{section.1}% 3
\BOOKMARK [2][-]{subsection.1.3}{\376\377\0000\0000\0004\000-\176\277\140\047\210\150\166\204\133\232\116\111}{section.1}% 4
\BOOKMARK [2][-]{subsection.1.4}{\376\377\0000\0000\0005\000-\230\172\136\217\210\150\144\315\117\134}{section.1}% 5
\BOOKMARK [2][-]{subsection.1.5}{\376\377\0000\0000\0006\000-\123\125\224\376\210\150\144\315\117\134}{section.1}% 6
\BOOKMARK [2][-]{subsection.1.6}{\376\377\0000\0000\0007\000-\123\314\224\376\210\150\144\315\117\134}{section.1}% 7
\BOOKMARK [2][-]{subsection.1.7}{\376\377\0000\0000\0008\000-\137\252\163\257\224\376\210\150\144\315\117\134}{section.1}% 8
\BOOKMARK [2][-]{subsection.1.8}{\376\377\0000\0001\0000\000-\150\010\166\204\133\232\116\111}{section.1}% 9
\BOOKMARK [2][-]{subsection.1.9}{\376\377\0000\0001\0001\000-\226\037\122\027\166\204\133\232\116\111}{section.1}% 10
\BOOKMARK [2][-]{subsection.1.10}{\376\377\0000\0001\0002\000-\230\172\136\217\150\010\166\204\133\232\116\111}{section.1}% 11
\BOOKMARK [2][-]{subsection.1.11}{\376\377\0000\0001\0003\000-\230\172\136\217\226\037\166\204\133\232\116\111}{section.1}% 12
\BOOKMARK [2][-]{subsection.1.12}{\376\377\0000\0001\0004\000-\137\252\163\257\226\037\122\027}{section.1}% 13
\BOOKMARK [2][-]{subsection.1.13}{\376\377\0000\0001\0005\000-\224\376\150\010\166\204\133\232\116\111}{section.1}% 14
\BOOKMARK [2][-]{subsection.1.14}{\376\377\0000\0001\0006\000-\224\376\226\037\166\204\133\232\116\111}{section.1}% 15
\BOOKMARK [2][-]{subsection.1.15}{\376\377\0000\0001\0007\000-\224\376\226\037\166\204\226\037\172\172\140\305\121\265}{section.1}% 16
\BOOKMARK [2][-]{subsection.1.16}{\376\377\0000\0001\0008\000-\150\010\166\204\136\224\165\050}{section.1}% 17
\BOOKMARK [2][-]{subsection.1.17}{\376\377\0000\0001\0009\000-\226\037\122\027\166\204\136\224\165\050}{section.1}% 18
\BOOKMARK [2][-]{subsection.1.18}{\376\377\0000\0002\0000\000-\230\172\136\217\133\130\120\250}{section.1}% 19
\BOOKMARK [2][-]{subsection.1.19}{\376\377\0000\0002\0001\000-\162\171\153\212\167\351\226\065\166\204\123\213\177\051\133\130\120\250}{section.1}% 20
\BOOKMARK [2][-]{subsection.1.20}{\376\377\0000\0002\0002\000-\150\021\166\370\121\163\166\204\127\372\147\054\151\202\137\365}{section.1}% 21
\BOOKMARK [2][-]{subsection.1.21}{\376\377\0000\0002\0003\000-\116\214\123\311\150\021\166\204\133\232\116\111}{section.1}% 22
\BOOKMARK [2][-]{subsection.1.22}{\376\377\0000\0002\0004\000-\116\214\123\311\150\021\166\204\140\047\215\050}{section.1}% 23
\BOOKMARK [2][-]{subsection.1.23}{\376\377\0000\0002\0005\000-\116\214\123\311\150\021\166\204\133\130\120\250\176\323\147\204}{section.1}% 24
\BOOKMARK [2][-]{subsection.1.24}{\376\377\0000\0002\0006\000-\116\214\123\311\150\021\166\204\220\115\123\206\173\227\154\325}{section.1}% 25
\BOOKMARK [2][-]{subsection.1.25}{\376\377\0000\0002\0007\000-\116\214\123\311\150\021\166\204\147\204\220\040}{section.1}% 26
\BOOKMARK [2][-]{subsection.1.26}{\376\377\0000\0002\0008\000-\176\277\175\042\116\214\123\311\150\021}{section.1}% 27
\BOOKMARK [2][-]{subsection.1.27}{\376\377\0000\0002\0009\000-\150\021\166\204\133\130\120\250\176\323\147\204}{section.1}% 28
\BOOKMARK [2][-]{subsection.1.28}{\376\377\0000\0003\0000\000-\150\356\147\227\116\016\116\214\123\311\150\021\166\204\217\154\143\142}{section.1}% 29
\BOOKMARK [2][-]{subsection.1.29}{\376\377\0000\0003\0001\000-\150\021\124\214\150\356\147\227\166\204\220\115\123\206}{section.1}% 30
\BOOKMARK [2][-]{subsection.1.30}{\376\377\0000\0003\0002\000-\116\214\123\311\143\222\136\217\150\021}{section.1}% 31
\BOOKMARK [2][-]{subsection.1.31}{\376\377\0000\0003\0003\000-\136\163\210\141\116\214\123\311\150\021}{section.1}% 32
\BOOKMARK [2][-]{subsection.1.32}{\376\377\0000\0003\0004\000-\215\153\131\053\146\374\150\021\124\214\215\153\131\053\146\374\177\026\170\001}{section.1}% 33
\BOOKMARK [2][-]{subsection.1.33}{\376\377\0000\0003\0005\000-\126\376\166\370\121\163\166\204\127\372\147\054\151\202\137\365}{section.1}% 34
\BOOKMARK [2][-]{subsection.1.34}{\376\377\0000\0003\0006\000-\126\376\166\204\133\130\120\250\176\323\147\204}{section.1}% 35
\BOOKMARK [2][-]{subsection.1.35}{\376\377\0000\0003\0007\000-\126\376\166\204\220\115\123\206}{section.1}% 36
\BOOKMARK [2][-]{subsection.1.36}{\376\377\0000\0003\0008\000-\147\000\134\017\377\010\116\343\116\367\377\011\165\037\142\020\150\021}{section.1}% 37
\BOOKMARK [2][-]{subsection.1.37}{\376\377\0000\0003\0009\000-\147\000\167\355\215\357\137\204}{section.1}% 38
\BOOKMARK [2][-]{subsection.1.38}{\376\377\0000\0004\0000\000-\142\323\142\121\143\222\136\217}{section.1}% 39
\BOOKMARK [2][-]{subsection.1.39}{\376\377\0000\0004\0001\000-\121\163\225\056\215\357\137\204}{section.1}% 40
\BOOKMARK [2][-]{subsection.1.40}{\376\377\0000\0004\0002\000-\230\172\136\217\147\345\142\176\154\325}{section.1}% 41
\BOOKMARK [2][-]{subsection.1.41}{\376\377\0000\0004\0003\000-\122\006\127\127\147\345\142\176}{section.1}% 42
\BOOKMARK [2][-]{subsection.1.42}{\376\377\0000\0004\0004\000-\142\230\123\112\147\345\142\176\154\325}{section.1}% 43
\BOOKMARK [2][-]{subsection.1.43}{\376\377\0000\0004\0005\000-\000B\000-\150\021}{section.1}% 44
\BOOKMARK [2][-]{subsection.1.44}{\376\377\0000\0004\0006\000-\000B\000+\150\021}{section.1}% 45
\BOOKMARK [2][-]{subsection.1.45}{\376\377\0000\0004\0007\000-\145\143\122\027\210\150}{section.1}% 46
\BOOKMARK [2][-]{subsection.1.46}{\376\377\0000\0004\0008\000-\136\163\127\107\147\345\142\176\225\177\136\246\000A\000S\000L}{section.1}% 47
\BOOKMARK [2][-]{subsection.1.47}{\376\377\0000\0004\0009\000-\124\004\171\315\147\345\142\176\173\227\154\325\122\006\147\220}{section.1}% 48
\BOOKMARK [2][-]{subsection.1.48}{\376\377\0000\0005\0000\000-\143\222\136\217\166\204\127\372\147\054\151\202\137\365}{section.1}% 49
\BOOKMARK [2][-]{subsection.1.49}{\376\377\0000\0005\0001\000-\166\364\143\245\143\322\121\145\143\222\136\217}{section.1}% 50
\BOOKMARK [2][-]{subsection.1.50}{\376\377\0000\0005\0002\000-\142\230\123\112\143\322\121\145\143\222\136\217}{section.1}% 51
\BOOKMARK [2][-]{subsection.1.51}{\376\377\0000\0005\0003\000-\215\167\154\341\143\222\136\217}{section.1}% 52
\BOOKMARK [2][-]{subsection.1.52}{\376\377\0000\0005\0004\000-\173\200\123\125\220\011\142\351\143\222\136\217}{section.1}% 53
\BOOKMARK [2][-]{subsection.1.53}{\376\377\0000\0005\0005\000-\136\014\134\024\143\222\136\217}{section.1}% 54
\BOOKMARK [2][-]{subsection.1.54}{\376\377\0000\0005\0006\000-\137\353\220\037\143\222\136\217}{section.1}% 55
\BOOKMARK [2][-]{subsection.1.55}{\376\377\0000\0005\0007\000-\130\006\143\222\136\217}{section.1}% 56
\BOOKMARK [2][-]{subsection.1.56}{\376\377\0000\0005\0008\000-\116\214\215\357\137\122\136\166\143\222\136\217}{section.1}% 57
\BOOKMARK [2][-]{subsection.1.57}{\376\377\0000\0005\0009\000-\127\372\145\160\143\222\136\217}{section.1}% 58
\BOOKMARK [2][-]{subsection.1.58}{\376\377\0000\0006\0000\000-\131\026\220\350\143\222\136\217}{section.1}% 59
\BOOKMARK [2][-]{subsection.1.59}{\376\377\0000\0006\0001\000-\124\004\171\315\143\222\136\217\173\227\154\325\166\204\153\324\217\203}{section.1}% 60
\BOOKMARK [1][-]{section.2}{\376\377\213\241\173\227\147\072\177\121\176\334}{}% 61
\BOOKMARK [2][-]{subsection.2.1}{\376\377\0000\0006\0002\000-\150\300\225\031\177\026\170\001\124\214\176\240\225\031\177\026\170\001}{section.2}% 62
\BOOKMARK [2][-]{subsection.2.2}{\376\377\0000\0006\0003\000-\213\241\173\227\147\072\177\121\176\334\166\204\122\237\200\375}{section.2}% 63
\BOOKMARK [2][-]{subsection.2.3}{\376\377\0000\0006\0004\000-\213\241\173\227\147\072\177\121\176\334\166\204\122\006\174\173}{section.2}% 64
\BOOKMARK [2][-]{subsection.2.4}{\376\377\0000\0006\0005\000-\213\241\173\227\147\072\177\121\176\334\122\006\134\102\176\323\147\204}{section.2}% 65
\BOOKMARK [2][-]{subsection.2.5}{\376\377\0000\0006\0006\000-\123\117\213\256}{section.2}% 66
\BOOKMARK [2][-]{subsection.2.6}{\376\377\0000\0006\0007\000-\143\245\123\343}{section.2}% 67
\BOOKMARK [2][-]{subsection.2.7}{\376\377\0000\0006\0008\000-\147\015\122\241}{section.2}% 68
\BOOKMARK [2][-]{subsection.2.8}{\376\377\0000\0006\0009\000-\000I\000S\000O\000-\000O\000S\000I\123\302\200\003\152\041\127\213\124\214\000T\000C\000P\000-\000I\000P\123\302\200\003\152\041\127\213}{section.2}% 69
\BOOKMARK [2][-]{subsection.2.9}{\376\377\0000\0007\0000\000-\213\241\173\227\147\072\177\121\176\334\140\047\200\375\143\007\150\007}{section.2}% 70
\BOOKMARK [2][-]{subsection.2.10}{\376\377\0000\0007\0001\000-\117\341\123\367}{section.2}% 71
\BOOKMARK [2][-]{subsection.2.11}{\376\377\0000\0007\0002\000-\117\341\156\220\060\001\117\341\220\123\123\312\117\341\133\277}{section.2}% 72
\BOOKMARK [2][-]{subsection.2.12}{\376\377\0000\0007\0003\000-\220\037\163\207\060\001\154\342\162\171\123\312\170\001\121\103}{section.2}% 73
\BOOKMARK [2][-]{subsection.2.13}{\376\377\0000\0007\0004\000-\136\046\133\275}{section.2}% 74
\BOOKMARK [2][-]{subsection.2.14}{\376\377\0000\0007\0005\000-\131\110\131\116\145\257\162\171\133\232\164\006}{section.2}% 75
\BOOKMARK [2][-]{subsection.2.15}{\376\377\0000\0007\0006\000-\231\231\121\234\133\232\164\006}{section.2}% 76
\BOOKMARK [2][-]{subsection.2.16}{\376\377\0000\0007\0007\000-\177\026\170\001\116\016\214\003\122\066}{section.2}% 77
\BOOKMARK [2][-]{subsection.2.17}{\376\377\0000\0007\0008\000-\145\160\143\156\117\040\217\223\145\271\137\017}{section.2}% 78
\BOOKMARK [2][-]{subsection.2.18}{\376\377\0000\0007\0009\000-\145\160\143\156\142\245\116\016\206\132\165\065\215\357}{section.2}% 79
\BOOKMARK [2][-]{subsection.2.19}{\376\377\0000\0008\0000\000-\117\040\217\223\116\313\215\050\122\006\174\173}{section.2}% 80
\BOOKMARK [2][-]{subsection.2.20}{\376\377\0000\0008\0001\000-\162\151\164\006\134\102\143\245\123\343\162\171\140\047}{section.2}% 81
\BOOKMARK [2][-]{subsection.2.21}{\376\377\0000\0008\0002\000-\116\055\176\347\126\150}{section.2}% 82
\BOOKMARK [2][-]{subsection.2.22}{\376\377\0000\0008\0003\000-\226\306\176\277\126\150}{section.2}% 83
\BOOKMARK [2][-]{subsection.2.23}{\376\377\0000\0008\0004\000-\145\160\143\156\224\376\215\357\134\102\166\204\116\073\211\201\122\237\200\375}{section.2}% 84
\BOOKMARK [2][-]{subsection.2.24}{\376\377\0000\0008\0005\000-\126\333\171\315\176\304\136\047\145\271\154\325}{section.2}% 85
\BOOKMARK [2][-]{subsection.2.25}{\376\377\0000\0008\0006\000-\150\300\225\031\177\026\170\001}{section.2}% 86
\BOOKMARK [2][-]{subsection.2.26}{\376\377\0000\0008\0007\000-\176\240\225\031\177\026\170\001}{section.2}% 87
\BOOKMARK [2][-]{subsection.2.27}{\376\377\0000\0008\0008\000-\155\101\221\317\143\247\122\066}{section.2}% 88
\BOOKMARK [2][-]{subsection.2.28}{\376\377\0000\0008\0009\000-\123\357\227\140\117\040\217\223\147\072\122\066}{section.2}% 89
\BOOKMARK [2][-]{subsection.2.29}{\376\377\0000\0009\0001\000-\124\016\220\000\000N\136\047\377\010\000G\000B\000N\377\011\123\117\213\256}{section.2}% 90
\BOOKMARK [2][-]{subsection.2.30}{\376\377\0000\0009\0003\000-\123\321\220\001\177\023\133\130\124\214\143\245\145\066\177\023\133\130}{section.2}% 91
\BOOKMARK [2][-]{subsection.2.31}{\376\377\0000\0009\0004\000-\117\341\220\123\122\022\122\006\116\313\215\050\213\277\225\356\143\247\122\066}{section.2}% 92
\BOOKMARK [2][-]{subsection.2.32}{\376\377\0000\0009\0005\000-\226\217\147\072\213\277\225\356\116\313\215\050\213\277\225\356\143\247\122\066}{section.2}% 93
\BOOKMARK [2][-]{subsection.2.33}{\376\377\0000\0009\0006\000-\217\156\213\342\213\277\225\356\116\313\215\050\213\277\225\356\143\247\122\066}{section.2}% 94
\BOOKMARK [2][-]{subsection.2.34}{\376\377\0000\0009\0007\000-\134\100\127\337\177\121\166\204\127\372\147\054\151\202\137\365\116\016\117\123\174\373\176\323\147\204}{section.2}% 95
\BOOKMARK [2][-]{subsection.2.35}{\376\377\0000\0009\0008\000-\116\345\131\052\177\121\166\204\135\345\117\134\123\237\164\006}{section.2}% 96
\BOOKMARK [2][-]{subsection.2.36}{\376\377\0000\0009\0009\000-\116\345\131\052\177\121\166\204\000M\000A\000C\136\047}{section.2}% 97
\BOOKMARK [2][-]{subsection.2.37}{\376\377\0001\0000\0001\000-\000P\000P\000P\123\117\213\256}{section.2}% 98
\BOOKMARK [2][-]{subsection.2.38}{\376\377\0001\0000\0002\000-\000H\000D\000L\000C\123\117\213\256}{section.2}% 99
\BOOKMARK [2][-]{subsection.2.39}{\376\377\0001\0000\0003\000-\177\121\150\145\166\204\151\202\137\365\124\214\127\372\147\054\123\237\164\006}{section.2}% 100
\BOOKMARK [2][-]{subsection.2.40}{\376\377\0001\0000\0005\000-\134\100\127\337\177\121\116\244\143\142\147\072\123\312\135\345\117\134\123\237\164\006}{section.2}% 101
\BOOKMARK [2][-]{subsection.2.41}{\376\377\0001\0000\0006\000-\136\177\144\255\127\337\060\001\121\262\172\201\127\337\123\312\140\073\176\323}{section.2}% 102
\BOOKMARK [2][-]{subsection.2.42}{\376\377\0001\0000\0007\000-\137\002\147\204\177\121\176\334\116\222\217\336}{section.2}% 103
\BOOKMARK [2][-]{subsection.2.43}{\376\377\0001\0000\0008\000-\215\357\165\061\116\016\217\154\123\321}{section.2}% 104
\BOOKMARK [2][-]{subsection.2.44}{\376\377\0001\0000\0009\000-\227\131\140\001\215\357\165\061\116\016\122\250\140\001\215\357\165\061}{section.2}% 105
\BOOKMARK [2][-]{subsection.2.45}{\376\377\0001\0001\0000\000-\134\102\153\041\215\357\165\061}{section.2}% 106
\BOOKMARK [2][-]{subsection.2.46}{\376\377\0001\0001\0002\000-\000I\000P\000v\0004\127\060\127\100}{section.2}% 107
\BOOKMARK [2][-]{subsection.2.47}{\376\377\0001\0001\0003\000-\000N\000A\000T}{section.2}% 108
\BOOKMARK [2][-]{subsection.2.48}{\376\377\0001\0001\0004\000-\000A\000R\000P}{section.2}% 109
\BOOKMARK [2][-]{subsection.2.49}{\376\377\0001\0001\0005\000-\000D\000H\000C\000P}{section.2}% 110
\BOOKMARK [2][-]{subsection.2.50}{\376\377\0001\0001\0006\000-\000I\000C\000M\000P}{section.2}% 111
\BOOKMARK [2][-]{subsection.2.51}{\376\377\0001\0001\0007\000-\000I\000P\000v\0006\166\204\162\171\160\271}{section.2}% 112
\BOOKMARK [2][-]{subsection.2.52}{\376\377\0001\0001\0008\000-\000I\000P\000v\0006\166\204\150\074\137\017}{section.2}% 113
\BOOKMARK [2][-]{subsection.2.53}{\376\377\0001\0002\0000\000-\000R\000I\000P}{section.2}% 114
\BOOKMARK [2][-]{subsection.2.54}{\376\377\0001\0002\0001\000-\000O\000S\000P\000F}{section.2}% 115
\BOOKMARK [2][-]{subsection.2.55}{\376\377\0001\0002\0003\000-\000B\000G\000P}{section.2}% 116
\BOOKMARK [2][-]{subsection.2.56}{\376\377\0001\0002\0006\000-\171\373\122\250\000I\000P\166\204\151\202\137\365}{section.2}% 117
\BOOKMARK [2][-]{subsection.2.57}{\376\377\0001\0002\0007\000-\171\373\122\250\000I\000P\166\204\220\032\117\341\217\307\172\013}{section.2}% 118
\BOOKMARK [2][-]{subsection.2.58}{\376\377\0001\0002\0008\000-\215\357\165\061\126\150\166\204\176\304\142\020\116\016\122\237\200\375}{section.2}% 119
\BOOKMARK [2][-]{subsection.2.59}{\376\377\0001\0002\0009\000-\215\357\165\061\210\150\116\016\215\357\165\061\217\154\123\321}{section.2}% 120
\BOOKMARK [2][-]{subsection.2.60}{\376\377\0001\0003\0000\000-\117\040\217\223\134\102\166\204\122\237\200\375}{section.2}% 121
\BOOKMARK [2][-]{subsection.2.61}{\376\377\0001\0003\0001\000-\117\040\217\223\134\102\133\373\127\100\116\016\172\357\123\343}{section.2}% 122
\BOOKMARK [2][-]{subsection.2.62}{\376\377\0001\0003\0003\000-\000U\000D\000P\142\245\145\207\153\265}{section.2}% 123
\BOOKMARK [2][-]{subsection.2.63}{\376\377\0001\0003\0004\000-\000U\000D\000P\150\041\232\214}{section.2}% 124
\BOOKMARK [2][-]{subsection.2.64}{\376\377\0001\0003\0005\000-\000T\000C\000P\142\245\145\207\153\265}{section.2}% 125
\BOOKMARK [2][-]{subsection.2.65}{\376\377\0001\0003\0006\000-\000T\000C\000P\217\336\143\245\173\241\164\006}{section.2}% 126
\BOOKMARK [2][-]{subsection.2.66}{\376\377\0001\0003\0007\000-\000T\000C\000P\123\357\227\140\117\040\217\223}{section.2}% 127
\BOOKMARK [2][-]{subsection.2.67}{\376\377\0001\0003\0008\000-\000T\000C\000P\142\345\130\136\143\247\122\066\166\204\127\372\147\054\151\202\137\365}{section.2}% 128
\BOOKMARK [2][-]{subsection.2.68}{\376\377\0001\0003\0009\000-\142\345\130\136\143\247\122\066\166\204\0004\171\315\173\227\154\325}{section.2}% 129
\BOOKMARK [2][-]{subsection.2.69}{\376\377\0001\0004\0000\000-\000C\000-\000S\152\041\127\213\116\016\000P\0002\000P\152\041\127\213}{section.2}% 130
\BOOKMARK [2][-]{subsection.2.70}{\376\377\0001\0004\0002\000-\127\337\124\015\147\015\122\241\126\150}{section.2}% 131
\BOOKMARK [2][-]{subsection.2.71}{\376\377\0001\0004\0003\000-\127\337\124\015\211\343\147\220\217\307\172\013}{section.2}% 132
\BOOKMARK [2][-]{subsection.2.72}{\376\377\0001\0004\0004\000-\000F\000T\000P\135\345\117\134\123\237\164\006}{section.2}% 133
\BOOKMARK [2][-]{subsection.2.73}{\376\377\0001\0004\0006\000-\165\065\133\120\220\256\116\366\150\074\137\017\116\016\000M\000I\000M\000E}{section.2}% 134
\BOOKMARK [2][-]{subsection.2.74}{\376\377\0001\0004\0007\000-\000S\000M\000T\000P\116\016\000P\000O\000P\0003}{section.2}% 135
\BOOKMARK [2][-]{subsection.2.75}{\376\377\0001\0004\0008\000-\000W\000W\000W\166\204\151\202\137\365\124\214\176\304\142\020\176\323\147\204}{section.2}% 136
\BOOKMARK [2][-]{subsection.2.76}{\376\377\0001\0004\0009\000-\000H\000T\000T\000P}{section.2}% 137
\BOOKMARK [2][-]{subsection.2.77}{\376\377\0001\0005\0000\000-\121\145\225\350\167\345\213\306}{section.2}% 138
\BOOKMARK [2][-]{subsection.2.78}{\376\377\0001\0005\0001\000-\213\241\173\227\147\072\170\154\116\366\166\204\127\372\147\054\176\304\142\020}{section.2}% 139
\BOOKMARK [2][-]{subsection.2.79}{\376\377\0001\0005\0002\000-\213\241\173\227\147\072\174\373\176\337\166\204\134\102\153\041\176\323\147\204}{section.2}% 140
\BOOKMARK [1][-]{section.3}{\376\377\144\315\117\134\174\373\176\337}{}% 141
\BOOKMARK [2][-]{subsection.3.1}{\376\377\0001\0005\0003\000-\144\315\117\134\174\373\176\337\166\204\151\202\137\365}{section.3}% 142
\BOOKMARK [2][-]{subsection.3.2}{\376\377\0001\0005\0004\000-\213\241\173\227\147\072\140\047\200\375\143\007\150\007}{section.3}% 143
\BOOKMARK [2][-]{subsection.3.3}{\376\377\0001\0005\0006\000-\217\333\117\115\213\241\145\160\122\066\123\312\121\166\166\370\116\222\217\154\143\142}{section.3}% 144
\BOOKMARK [2][-]{subsection.3.4}{\376\377\0001\0005\0008\000-\133\127\173\046\124\214\133\127\173\046\116\062}{section.3}% 145
\BOOKMARK [2][-]{subsection.3.5}{\376\377\0001\0005\0009\000-\144\315\117\134\174\373\176\337\166\204\137\142\142\020\116\016\123\321\134\125}{section.3}% 146
\BOOKMARK [2][-]{subsection.3.6}{\376\377\0001\0006\0000\000-\144\315\117\134\174\373\176\337\166\204\122\006\174\173}{section.3}% 147
\BOOKMARK [2][-]{subsection.3.7}{\376\377\0001\0006\0001\000-\150\041\232\214\170\001}{section.3}% 148
\BOOKMARK [2][-]{subsection.3.8}{\376\377\0001\0006\0002\000-\121\205\150\070\140\001\116\016\165\050\142\067\140\001}{section.3}% 149
\BOOKMARK [2][-]{subsection.3.9}{\376\377\0001\0006\0003\000-\133\232\160\271\145\160\166\204\210\150\171\072}{section.3}% 150
\BOOKMARK [2][-]{subsection.3.10}{\376\377\0001\0006\0004\000-\116\055\145\255\116\016\137\002\136\070}{section.3}% 151
\BOOKMARK [2][-]{subsection.3.11}{\376\377\0001\0006\0006\000-\217\333\172\013\166\204\133\232\116\111\123\312\143\317\217\360}{section.3}% 152
\BOOKMARK [2][-]{subsection.3.12}{\376\377\0001\0006\0007\000-\217\333\172\013\166\204\162\266\140\001\116\016\217\154\143\142}{section.3}% 153
\BOOKMARK [2][-]{subsection.3.13}{\376\377\0001\0006\0008\000-\217\333\172\013\166\204\143\247\122\066}{section.3}% 154
\BOOKMARK [2][-]{subsection.3.14}{\376\377\0001\0006\0009\000-\176\277\172\013}{section.3}% 155
\BOOKMARK [2][-]{subsection.3.15}{\376\377\0001\0007\0000\000-\217\333\172\013\220\032\117\341}{section.3}% 156
\BOOKMARK [2][-]{subsection.3.16}{\376\377\0001\0007\0001\000-\131\004\164\006\126\150\166\204\116\011\176\247\214\003\136\246}{section.3}% 157
\BOOKMARK [2][-]{subsection.3.17}{\376\377\0001\0007\0002\000-\214\003\136\246\166\204\127\372\147\054\123\237\122\031}{section.3}% 158
\BOOKMARK [2][-]{subsection.3.18}{\376\377\0001\0007\0004\000-\136\070\211\301\214\003\136\246\173\227\154\325}{section.3}% 159
\BOOKMARK [2][-]{subsection.3.19}{\376\377\0001\0007\0005\000-\217\333\172\013\124\014\153\145\166\204\127\372\147\054\151\202\137\365}{section.3}% 160
\BOOKMARK [2][-]{subsection.3.20}{\376\377\0001\0007\0006\000-\116\222\145\245\133\236\163\260\145\271\154\325}{section.3}% 161
\BOOKMARK [2][-]{subsection.3.21}{\376\377\0001\0007\0007\000-\117\341\123\367\221\317}{section.3}% 162
\BOOKMARK [2][-]{subsection.3.22}{\376\377\0001\0008\0000\000-\173\241\172\013}{section.3}% 163
\BOOKMARK [2][-]{subsection.3.23}{\376\377\0001\0008\0002\000-\153\173\225\001\116\247\165\037\166\204\123\237\126\340\124\214\137\305\211\201\147\141\116\366}{section.3}% 164
\BOOKMARK [2][-]{subsection.3.24}{\376\377\0001\0008\0003\000-\131\004\164\006\153\173\225\001\166\204\127\372\147\054\145\271\154\325}{section.3}% 165
\BOOKMARK [2][-]{subsection.3.25}{\376\377\0001\0008\0005\000-\153\173\225\001\166\204\220\177\121\115}{section.3}% 166
\BOOKMARK [2][-]{subsection.3.26}{\376\377\0001\0008\0007\000-\153\173\225\001\116\016\231\177\153\173}{section.3}% 167
\BOOKMARK [1][-]{section.4}{\376\377\213\241\173\227\147\072\176\304\142\020\123\237\164\006}{}% 168
\BOOKMARK [2][-]{subsection.4.1}{\376\377\0001\0008\0008\000-\133\232\160\271\145\160\166\204\217\320\173\227}{section.4}% 169
\BOOKMARK [2][-]{subsection.4.2}{\376\377\0001\0008\0009\000-\155\156\160\271\145\160\166\204\210\150\171\072}{section.4}% 170
\BOOKMARK [2][-]{subsection.4.3}{\376\377\0001\0009\0000\000-\155\156\160\271\145\160\166\204\122\240\000-\121\317\217\320\173\227}{section.4}% 171
\BOOKMARK [2][-]{subsection.4.4}{\376\377\0001\0009\0002\000-\173\227\147\057\220\073\217\221\123\125\121\103\166\204\122\237\200\375\124\214\176\323\147\204}{section.4}% 172
\BOOKMARK [2][-]{subsection.4.5}{\376\377\0001\0009\0003\000-\133\130\120\250\126\150\166\204\122\006\174\173}{section.4}% 173
\BOOKMARK [2][-]{subsection.4.6}{\376\377\0001\0009\0004\000-\133\130\120\250\126\150\166\204\134\102\153\041\123\026\176\323\147\204}{section.4}% 174
\BOOKMARK [2][-]{subsection.4.7}{\376\377\0001\0009\0005\000-\123\112\133\374\117\123\226\217\147\072\133\130\123\326\133\130\120\250\126\150\127\372\147\054\151\202\137\365}{section.4}% 175
\BOOKMARK [2][-]{subsection.4.8}{\376\377\0001\0009\0006\000-\000S\000R\000A\000M}{section.4}% 176
\BOOKMARK [2][-]{subsection.4.9}{\376\377\0001\0009\0007\000-\000D\000R\000A\000M}{section.4}% 177
\BOOKMARK [2][-]{subsection.4.10}{\376\377\0001\0009\0008\000-\116\073\133\130\120\250\126\150\116\016\000C\000P\000U\166\204\217\336\143\245}{section.4}% 178
\BOOKMARK [2][-]{subsection.4.11}{\376\377\0001\0009\0009\000-\123\314\123\343\000R\000A\000M\124\214\131\032\152\041\127\127\133\130\120\250\126\150}{section.4}% 179
\BOOKMARK [2][-]{subsection.4.12}{\376\377\0002\0000\0000\000-\000C\000a\000c\000h\000e\166\204\127\372\147\054\135\345\117\134\123\237\164\006}{section.4}% 180
\BOOKMARK [2][-]{subsection.4.13}{\376\377\0002\0000\0001\000-\121\205\133\130\173\241\164\006\151\202\217\360}{section.4}% 181
\BOOKMARK [2][-]{subsection.4.14}{\376\377\0002\0000\0002\000-\116\244\143\142\116\016\211\206\166\326}{section.4}% 182
\BOOKMARK [2][-]{subsection.4.15}{\376\377\0002\0000\0003\000-\217\336\176\355\122\006\221\115\173\241\164\006\145\271\137\017}{section.4}% 183
\BOOKMARK [2][-]{subsection.4.16}{\376\377\0002\0000\0004\000-\000C\000a\000c\000h\000e\124\214\116\073\133\130\116\113\225\364\166\204\146\040\134\004\145\271\137\017}{section.4}% 184
\BOOKMARK [2][-]{subsection.4.17}{\376\377\0002\0000\0005\000-\000C\000a\000c\000h\000e\121\231\144\315\117\134\173\126\165\145}{section.4}% 185
\BOOKMARK [2][-]{subsection.4.18}{\376\377\0002\0000\0006\000-\206\132\142\337\133\130\120\250\126\150\166\204\127\372\147\054\151\202\137\365}{section.4}% 186
\BOOKMARK [2][-]{subsection.4.19}{\376\377\0002\0000\0007\000-\230\165\137\017\206\132\142\337\133\130\120\250\126\150}{section.4}% 187
\BOOKMARK [2][-]{subsection.4.20}{\376\377\0002\0000\0008\000-\227\136\217\336\176\355\122\006\221\115\173\241\164\006\145\271\137\017}{section.4}% 188
\BOOKMARK [2][-]{subsection.4.21}{\376\377\0002\0000\0009\000-\206\132\142\337\121\205\133\130\166\204\127\372\147\054\151\202\137\365}{section.4}% 189
\BOOKMARK [2][-]{subsection.4.22}{\376\377\0002\0001\0000\000-\213\367\154\102\122\006\230\165\133\130\120\250\173\241\164\006\145\271\137\017}{section.4}% 190
\BOOKMARK [2][-]{subsection.4.23}{\376\377\0002\0001\0001\000-\131\026\133\130\120\250\126\150}{section.4}% 191
\BOOKMARK [2][-]{subsection.4.24}{\376\377\0002\0001\0002\000-\230\165\227\142\177\156\143\142\173\227\154\325}{section.4}% 192
\BOOKMARK [2][-]{subsection.4.25}{\376\377\0002\0001\0003\000-\135\345\117\134\226\306\116\016\230\165\227\142\122\006\221\115\173\126\165\145}{section.4}% 193
\BOOKMARK [2][-]{subsection.4.26}{\376\377\0002\0001\0005\000-\133\232\225\177\144\315\117\134\170\001\143\007\116\344\150\074\137\017}{section.4}% 194
\BOOKMARK [2][-]{subsection.4.27}{\376\377\0002\0001\0006\000-\116\015\133\232\225\177\144\315\117\134\170\001\143\007\116\344\150\074\137\017}{section.4}% 195
\BOOKMARK [2][-]{subsection.4.28}{\376\377\0002\0001\0007\000-\136\070\211\301\133\373\127\100\145\271\137\017}{section.4}% 196
\BOOKMARK [2][-]{subsection.4.29}{\376\377\0002\0001\0008\000-\000C\000I\000S\000C\124\214\000R\000I\000S\000C\166\204\127\372\147\054\151\202\137\365}{section.4}% 197
\BOOKMARK [2][-]{subsection.4.30}{\376\377\0002\0001\0009\000-\000C\000P\000U\166\204\122\237\200\375}{section.4}% 198
\BOOKMARK [2][-]{subsection.4.31}{\376\377\0002\0002\0000\000-\000C\000P\000U\166\204\127\372\147\054\176\323\147\204}{section.4}% 199
\BOOKMARK [2][-]{subsection.4.32}{\376\377\0002\0002\0001\000-\000C\000P\000U\116\055\166\204\116\073\211\201\133\304\133\130\126\150}{section.4}% 200
\BOOKMARK [2][-]{subsection.4.33}{\376\377\0002\0002\0002\000-\142\226\122\250\163\260\214\141\116\016\177\072\230\165\163\207}{section.4}% 201
\BOOKMARK [2][-]{subsection.4.34}{\376\377\0002\0002\0004\000-\121\205\133\130\173\241\164\006\145\271\137\017\116\113\225\364\166\204\153\324\217\203}{section.4}% 202
\BOOKMARK [2][-]{subsection.4.35}{\376\377\0002\0002\0005\000-\121\205\133\130\173\241\164\006\213\241\173\227\116\055\127\060\127\100\166\204\131\004\164\006}{section.4}% 203
\BOOKMARK [2][-]{subsection.4.36}{\376\377\0002\0002\0006\000-\143\007\116\344\124\150\147\037}{section.4}% 204
\BOOKMARK [2][-]{subsection.4.37}{\376\377\0002\0002\0008\000-\143\007\116\344\166\204\142\147\210\114\217\307\172\013\116\016\117\341\140\157\155\101}{section.4}% 205
\BOOKMARK [2][-]{subsection.4.38}{\376\377\0002\0002\0009\000-\145\207\116\366\166\204\127\372\147\054\151\202\137\365}{section.4}% 206
\BOOKMARK [2][-]{subsection.4.39}{\376\377\0002\0003\0000\000-\145\207\116\366\166\204\220\073\217\221\176\323\147\204}{section.4}% 207
\BOOKMARK [2][-]{subsection.4.40}{\376\377\0002\0003\0001\000-\166\356\137\125\176\323\147\204}{section.4}% 208
\BOOKMARK [2][-]{subsection.4.41}{\376\377\0002\0003\0002\000-\145\207\116\366\121\161\116\253}{section.4}% 209
\BOOKMARK [2][-]{subsection.4.42}{\376\377\0002\0003\0003\000-\145\160\143\156\220\032\215\357\166\204\122\237\200\375\124\214\127\372\147\054\176\323\147\204}{section.4}% 210
\BOOKMARK [2][-]{subsection.4.43}{\376\377\0002\0003\0004\000-\166\356\137\125\166\204\133\236\163\260}{section.4}% 211
\BOOKMARK [2][-]{subsection.4.44}{\376\377\0002\0003\0005\000-\145\207\116\366\166\204\133\236\163\260}{section.4}% 212
\BOOKMARK [2][-]{subsection.4.45}{\376\377\0002\0003\0006\000-\143\247\122\066\123\125\121\103\166\204\122\237\200\375}{section.4}% 213
\BOOKMARK [2][-]{subsection.4.46}{\376\377\0002\0003\0007\000-\170\301\166\330\176\323\147\204}{section.4}% 214
\BOOKMARK [2][-]{subsection.4.47}{\376\377\0002\0003\0008\000-\214\003\136\246\173\227\154\325}{section.4}% 215
\BOOKMARK [2][-]{subsection.4.48}{\376\377\0002\0003\0009\000-\170\301\166\330\173\241\164\006}{section.4}% 216
\BOOKMARK [2][-]{subsection.4.49}{\376\377\0002\0004\0000\000-\000I\000-\000O\213\276\131\007\166\204\122\006\174\173\116\016\000I\000-\000O\173\241\164\006\166\204\116\373\122\241}{section.4}% 217
\BOOKMARK [2][-]{subsection.4.50}{\376\377\0002\0004\0001\000-\000I\000-\000O\143\247\122\066\145\271\137\017}{section.4}% 218
\BOOKMARK [2][-]{subsection.4.51}{\376\377\0002\0004\0002\000-\000I\000-\000O\217\157\116\366\134\102\153\041\176\323\147\204}{section.4}% 219
\BOOKMARK [2][-]{subsection.4.52}{\376\377\0002\0004\0003\000-\000I\000-\000O\214\003\136\246\151\202\137\365}{section.4}% 220
\BOOKMARK [2][-]{subsection.4.53}{\376\377\0002\0004\0004\000-\232\330\220\037\177\023\133\130\116\016\177\023\121\262\123\072}{section.4}% 221
\BOOKMARK [2][-]{subsection.4.54}{\376\377\0002\0004\0005\000-\213\276\131\007\122\006\221\115\116\016\126\336\145\066}{section.4}% 222
\BOOKMARK [2][-]{subsection.4.55}{\376\377\0002\0004\0006\000-\120\107\201\061\147\072\142\200\147\057}{section.4}% 223
\BOOKMARK [2][-]{subsection.4.56}{\376\377\0002\0004\0007\000-\143\247\122\066\123\125\121\103\166\204\213\276\213\241}{section.4}% 224
\BOOKMARK [2][-]{subsection.4.57}{\376\377\0002\0004\0008\000-\143\007\116\344\155\101\154\064\176\277\166\204\127\372\147\054\151\202\137\365}{section.4}% 225
\BOOKMARK [2][-]{subsection.4.58}{\376\377\0002\0004\0009\000-\143\007\116\344\155\101\154\064\176\277\166\204\127\372\147\054\133\236\163\260}{section.4}% 226
\BOOKMARK [2][-]{subsection.4.59}{\376\377\0002\0005\0000\000-\215\205\150\007\221\317\124\214\122\250\140\001\155\101\154\064\176\277\166\204\127\372\147\054\151\202\137\365}{section.4}% 227
\BOOKMARK [2][-]{subsection.4.60}{\376\377\0002\0005\0001\000-\116\055\145\255\174\373\176\337}{section.4}% 228
\BOOKMARK [2][-]{subsection.4.61}{\376\377\0002\0005\0002\000-\140\073\176\277\166\204\127\372\147\054\151\202\137\365}{section.4}% 229
\BOOKMARK [2][-]{subsection.4.62}{\376\377\0002\0005\0003\000-\140\073\176\277\166\204\122\006\174\173}{section.4}% 230
\BOOKMARK [2][-]{subsection.4.63}{\376\377\0002\0005\0004\000-\140\073\176\277\166\204\176\304\142\020\123\312\140\047\200\375\143\007\150\007}{section.4}% 231
\BOOKMARK [2][-]{subsection.4.64}{\376\377\0002\0005\0005\000-\140\073\176\277\166\204\176\323\147\204}{section.4}% 232
\BOOKMARK [2][-]{subsection.4.65}{\376\377\0002\0005\0006\000-\226\306\116\055\116\362\210\301\145\271\137\017}{section.4}% 233
\BOOKMARK [2][-]{subsection.4.66}{\376\377\0002\0005\0007\000-\122\006\136\003\116\362\210\301\145\271\137\017}{section.4}% 234
\BOOKMARK [2][-]{subsection.4.67}{\376\377\0002\0005\0008\000-\140\073\176\277\124\150\147\037\166\204\151\202\137\365}{section.4}% 235
\BOOKMARK [2][-]{subsection.4.68}{\376\377\0002\0005\0009\000-\124\014\153\145\133\232\145\366\145\271\137\017}{section.4}% 236
\BOOKMARK [2][-]{subsection.4.69}{\376\377\0002\0006\0000\000-\137\002\153\145\133\232\145\366\145\271\137\017}{section.4}% 237
\BOOKMARK [2][-]{subsection.4.70}{\376\377\0002\0006\0001\000-\140\073\176\277\150\007\121\306}{section.4}% 238
\BOOKMARK [2][-]{subsection.4.71}{\376\377\0002\0006\0002\000-\000I\000-\000O\174\373\176\337\127\372\147\054\151\202\137\365}{section.4}% 239
\BOOKMARK [2][-]{subsection.4.72}{\376\377\0002\0006\0003\000-\000I\000-\000O\213\276\131\007\122\006\174\173}{section.4}% 240
\BOOKMARK [2][-]{subsection.4.73}{\376\377\0002\0006\0004\000-\217\223\121\145\213\276\131\007}{section.4}% 241
\BOOKMARK [2][-]{subsection.4.74}{\376\377\0002\0006\0005\000-\217\223\121\372\213\276\131\007}{section.4}% 242
\BOOKMARK [2][-]{subsection.4.75}{\376\377\0002\0006\0006\000-\000I\000-\000O\143\245\123\343\127\372\170\100\167\345\213\306}{section.4}% 243
\BOOKMARK [2][-]{subsection.4.76}{\376\377\0002\0006\0007\000-\000I\000-\000O\143\245\123\343\166\204\122\237\200\375\124\214\127\372\147\054\176\323\147\204}{section.4}% 244
\BOOKMARK [2][-]{subsection.4.77}{\376\377\0002\0006\0008\000-\000I\000-\000O\172\357\123\343\123\312\121\166\177\026\127\100}{section.4}% 245
\BOOKMARK [2][-]{subsection.4.78}{\376\377\0002\0006\0009\000-\172\013\136\217\147\345\213\342\145\271\137\017}{section.4}% 246
\BOOKMARK [2][-]{subsection.4.79}{\376\377\0002\0007\0000\000-\172\013\136\217\116\055\145\255\145\271\137\017}{section.4}% 247
\BOOKMARK [2][-]{subsection.4.80}{\376\377\0002\0007\0001\000-\000D\000M\000A\145\271\137\017}{section.4}% 248
\BOOKMARK [2][-]{subsection.4.81}{\376\377\0002\0007\0002\000-\122\240\133\306\173\227\154\325}{section.4}% 249
\BOOKMARK [2][-]{subsection.4.82}{\376\377\0002\0007\0004\000-\155\156\160\271\145\160\166\204\210\150\171\072\203\003\126\364}{section.4}% 250
\BOOKMARK [2][-]{subsection.4.83}{\376\377\0002\0007\0006\000-\000C\000I\000D\000R}{section.4}% 251
\BOOKMARK [2][-]{subsection.4.84}{\376\377\0002\0007\0008\000-\000I\000P\000v\0004\127\060\127\100}{section.4}% 252
\BOOKMARK [2][-]{subsection.4.85}{\376\377\0002\0007\0009\000-\145\366\225\364\131\015\147\102\136\246\116\016\172\172\225\364\131\015\147\102\136\246\122\006\147\220\127\372\170\100}{section.4}% 253
\BOOKMARK [2][-]{subsection.4.86}{\376\377\0002\0008\0000\000-\145\160\143\156\162\151\164\006\176\323\147\204}{section.4}% 254
\BOOKMARK [2][-]{subsection.4.87}{\376\377\0002\0008\0001\000-\173\227\154\325}{section.4}% 255
